<?xml version="1.0" encoding="UTF-8"?>
<!-- Generated by org.testng.reporters.JUnitXMLReporter -->
<testsuite hostname="Auznali-2.local" ignored="0" name="Sign up new user" tests="9" failures="0" timestamp="21 Mar 2018 02:47:07 GMT" time="10.201" errors="0">
  <testcase name="birthDayEmpty" time="0.316" classname="TestsSignUpPage.RequiredFields"/>
  <testcase name="birthMonthEmpty" time="0.36" classname="TestsSignUpPage.RequiredFields"/>
  <testcase name="birthYearEmpty" time="0.189" classname="TestsSignUpPage.RequiredFields"/>
  <testcase name="eMailEmpty" time="0.323" classname="TestsSignUpPage.RequiredFields"/>
  <testcase name="firstNameEmpty" time="0.239" classname="TestsSignUpPage.RequiredFields"/>
  <testcase name="genderEmpty" time="0.268" classname="TestsSignUpPage.RequiredFields"/>
  <testcase name="lastNameEmpty" time="0.236" classname="TestsSignUpPage.RequiredFields"/>
  <testcase name="passAgainEmpty" time="0.272" classname="TestsSignUpPage.RequiredFields"/>
  <testcase name="passEmpty" time="0.33" classname="TestsSignUpPage.RequiredFields"/>
</testsuite> <!-- Sign up new user -->
