<?xml version="1.0" encoding="UTF-8"?>
<!-- Generated by org.testng.reporters.JUnitXMLReporter -->
<testsuite hostname="Auznali.internet.sony.tv" ignored="0" name="Sign up new user" tests="9" failures="0" timestamp="20 Mar 2018 20:26:52 GMT" time="10.827" errors="0">
  <testcase name="birthDayEmpty" time="0.139" classname="TestsSignUpPage.RequiredFields"/>
  <testcase name="birthMonthEmpty" time="0.13" classname="TestsSignUpPage.RequiredFields"/>
  <testcase name="birthYearEmpty" time="0.094" classname="TestsSignUpPage.RequiredFields"/>
  <testcase name="eMailEmpty" time="0.132" classname="TestsSignUpPage.RequiredFields"/>
  <testcase name="firstNameEmpty" time="0.118" classname="TestsSignUpPage.RequiredFields"/>
  <testcase name="genderEmpty" time="0.107" classname="TestsSignUpPage.RequiredFields"/>
  <testcase name="lastNameEmpty" time="0.107" classname="TestsSignUpPage.RequiredFields"/>
  <testcase name="passAgainEmpty" time="0.117" classname="TestsSignUpPage.RequiredFields"/>
  <testcase name="passEmpty" time="0.112" classname="TestsSignUpPage.RequiredFields"/>
</testsuite> <!-- Sign up new user -->
