<?xml version="1.0" encoding="UTF-8"?>
<testng-results skipped="0" failed="0" total="14" passed="14">
  <reporter-output>
  </reporter-output>
  <suite name="AutoContentVerification" duration-ms="19551" started-at="2018-03-26T01:21:28Z" finished-at="2018-03-26T01:21:48Z">
    <groups>
    </groups>
    <test name="Sign up new user" duration-ms="19551" started-at="2018-03-26T01:21:28Z" finished-at="2018-03-26T01:21:48Z">
      <class name="TestsSignUpPage.EmailVerification">
        <test-method status="PASS" signature="setup()[pri:0, instance:TestsSignUpPage.EmailVerification@61dc03ce]" name="setup" is-config="true" duration-ms="9088" started-at="2018-03-25T18:21:28Z" finished-at="2018-03-25T18:21:37Z">
          <reporter-output>
          </reporter-output>
        </test-method> <!-- setup -->
        <test-method status="PASS" signature="capitalUname(java.lang.String, java.lang.String)[pri:0, instance:TestsSignUpPage.EmailVerification@61dc03ce]" name="capitalUname" duration-ms="780" started-at="2018-03-25T18:21:37Z" finished-at="2018-03-25T18:21:38Z">
          <params>
            <param index="0">
              <value>
                <![CDATA[MYEMAIL]]>
              </value>
            </param>
            <param index="1">
              <value>
                <![CDATA[Someone already has that username. Note that we ignore periods and capitalization in usernames. Try another?]]>
              </value>
            </param>
          </params>
          <reporter-output>
          </reporter-output>
        </test-method> <!-- capitalUname -->
        <test-method status="PASS" signature="correctUname(java.lang.String, java.lang.String)[pri:0, instance:TestsSignUpPage.EmailVerification@61dc03ce]" name="correctUname" duration-ms="686" started-at="2018-03-25T18:21:38Z" finished-at="2018-03-25T18:21:39Z">
          <params>
            <param index="0">
              <value>
                <![CDATA[myemail]]>
              </value>
            </param>
            <param index="1">
              <value>
                <![CDATA[That username is taken. Try another.]]>
              </value>
            </param>
          </params>
          <reporter-output>
          </reporter-output>
        </test-method> <!-- correctUname -->
        <test-method status="PASS" signature="dashUname(java.lang.String, java.lang.String)[pri:0, instance:TestsSignUpPage.EmailVerification@61dc03ce]" name="dashUname" duration-ms="1025" started-at="2018-03-25T18:21:39Z" finished-at="2018-03-25T18:21:40Z">
          <params>
            <param index="0">
              <value>
                <![CDATA[firstname-lastname]]>
              </value>
            </param>
            <param index="1">
              <value>
                <![CDATA[Please use only letters (a-z), numbers, and periods.]]>
              </value>
            </param>
          </params>
          <reporter-output>
          </reporter-output>
        </test-method> <!-- dashUname -->
        <test-method status="PASS" signature="digitsUname(java.lang.String, java.lang.String)[pri:0, instance:TestsSignUpPage.EmailVerification@61dc03ce]" name="digitsUname" duration-ms="704" started-at="2018-03-25T18:21:40Z" finished-at="2018-03-25T18:21:41Z">
          <params>
            <param index="0">
              <value>
                <![CDATA[123456]]>
              </value>
            </param>
            <param index="1">
              <value>
                <![CDATA[That username is taken. Try another.]]>
              </value>
            </param>
          </params>
          <reporter-output>
          </reporter-output>
        </test-method> <!-- digitsUname -->
        <test-method status="PASS" signature="dotUname(java.lang.String, java.lang.String)[pri:0, instance:TestsSignUpPage.EmailVerification@61dc03ce]" name="dotUname" duration-ms="732" started-at="2018-03-25T18:21:41Z" finished-at="2018-03-25T18:21:41Z">
          <params>
            <param index="0">
              <value>
                <![CDATA[my.email]]>
              </value>
            </param>
            <param index="1">
              <value>
                <![CDATA[Someone already has that username. Note that we ignore periods and capitalization in usernames. Try another?]]>
              </value>
            </param>
          </params>
          <reporter-output>
          </reporter-output>
        </test-method> <!-- dotUname -->
        <test-method status="PASS" signature="dotsUname(java.lang.String, java.lang.String)[pri:0, instance:TestsSignUpPage.EmailVerification@61dc03ce]" name="dotsUname" duration-ms="757" started-at="2018-03-25T18:21:41Z" finished-at="2018-03-25T18:21:42Z">
          <params>
            <param index="0">
              <value>
                <![CDATA[myemail..myemail]]>
              </value>
            </param>
            <param index="1">
              <value>
                <![CDATA[A fan of punctuation! Alas, usernames can't have consecutive periods.]]>
              </value>
            </param>
          </params>
          <reporter-output>
          </reporter-output>
        </test-method> <!-- dotsUname -->
        <test-method status="PASS" signature="firstDotUname(java.lang.String, java.lang.String)[pri:0, instance:TestsSignUpPage.EmailVerification@61dc03ce]" name="firstDotUname" duration-ms="693" started-at="2018-03-25T18:21:42Z" finished-at="2018-03-25T18:21:43Z">
          <params>
            <param index="0">
              <value>
                <![CDATA[.myemail]]>
              </value>
            </param>
            <param index="1">
              <value>
                <![CDATA[The first character of your username should be a letter (a-z) or number.]]>
              </value>
            </param>
          </params>
          <reporter-output>
          </reporter-output>
        </test-method> <!-- firstDotUname -->
        <test-method status="PASS" signature="lastDotUname(java.lang.String, java.lang.String)[pri:0, instance:TestsSignUpPage.EmailVerification@61dc03ce]" name="lastDotUname" duration-ms="656" started-at="2018-03-25T18:21:43Z" finished-at="2018-03-25T18:21:43Z">
          <params>
            <param index="0">
              <value>
                <![CDATA[myemail.]]>
              </value>
            </param>
            <param index="1">
              <value>
                <![CDATA[The last character of your username should be a letter (a-z) or number.]]>
              </value>
            </param>
          </params>
          <reporter-output>
          </reporter-output>
        </test-method> <!-- lastDotUname -->
        <test-method status="PASS" signature="plusUname(java.lang.String, java.lang.String)[pri:0, instance:TestsSignUpPage.EmailVerification@61dc03ce]" name="plusUname" duration-ms="712" started-at="2018-03-25T18:21:43Z" finished-at="2018-03-25T18:21:44Z">
          <params>
            <param index="0">
              <value>
                <![CDATA[firstname+lastname]]>
              </value>
            </param>
            <param index="1">
              <value>
                <![CDATA[Please use only letters (a-z), numbers, and periods.]]>
              </value>
            </param>
          </params>
          <reporter-output>
          </reporter-output>
        </test-method> <!-- plusUname -->
        <test-method status="PASS" signature="specCharsUname(java.lang.String, java.lang.String)[pri:0, instance:TestsSignUpPage.EmailVerification@61dc03ce]" name="specCharsUname" duration-ms="675" started-at="2018-03-25T18:21:44Z" finished-at="2018-03-25T18:21:45Z">
          <params>
            <param index="0">
              <value>
                <![CDATA[!@#$%^*()]]>
              </value>
            </param>
            <param index="1">
              <value>
                <![CDATA[Please use only letters (a-z), numbers, and periods.]]>
              </value>
            </param>
          </params>
          <reporter-output>
          </reporter-output>
        </test-method> <!-- specCharsUname -->
        <test-method status="PASS" signature="twoWordsUname(java.lang.String, java.lang.String)[pri:0, instance:TestsSignUpPage.EmailVerification@61dc03ce]" name="twoWordsUname" duration-ms="724" started-at="2018-03-25T18:21:45Z" finished-at="2018-03-25T18:21:46Z">
          <params>
            <param index="0">
              <value>
                <![CDATA[email (Joe Smith)]]>
              </value>
            </param>
            <param index="1">
              <value>
                <![CDATA[Please use only letters (a-z), numbers, and periods.]]>
              </value>
            </param>
          </params>
          <reporter-output>
          </reporter-output>
        </test-method> <!-- twoWordsUname -->
        <test-method status="PASS" signature="underscoreUname(java.lang.String, java.lang.String)[pri:0, instance:TestsSignUpPage.EmailVerification@61dc03ce]" name="underscoreUname" duration-ms="648" started-at="2018-03-25T18:21:46Z" finished-at="2018-03-25T18:21:46Z">
          <params>
            <param index="0">
              <value>
                <![CDATA[_______]]>
              </value>
            </param>
            <param index="1">
              <value>
                <![CDATA[Please use only letters (a-z), numbers, and periods.]]>
              </value>
            </param>
          </params>
          <reporter-output>
          </reporter-output>
        </test-method> <!-- underscoreUname -->
        <test-method status="PASS" signature="unicodeUname(java.lang.String, java.lang.String)[pri:0, instance:TestsSignUpPage.EmailVerification@61dc03ce]" name="unicodeUname" duration-ms="691" started-at="2018-03-25T18:21:46Z" finished-at="2018-03-25T18:21:47Z">
          <params>
            <param index="0">
              <value>
                <![CDATA[あいうえお]]>
              </value>
            </param>
            <param index="1">
              <value>
                <![CDATA[Please use only letters (a-z), numbers, and periods.]]>
              </value>
            </param>
          </params>
          <reporter-output>
          </reporter-output>
        </test-method> <!-- unicodeUname -->
        <test-method status="PASS" signature="wSpacesUname(java.lang.String, java.lang.String)[pri:0, instance:TestsSignUpPage.EmailVerification@61dc03ce]" name="wSpacesUname" duration-ms="698" started-at="2018-03-25T18:21:47Z" finished-at="2018-03-25T18:21:48Z">
          <params>
            <param index="0">
              <value>
                <![CDATA[   myemail   ]]>
              </value>
            </param>
            <param index="1">
              <value>
                <![CDATA[That username is taken. Try another.]]>
              </value>
            </param>
          </params>
          <reporter-output>
          </reporter-output>
        </test-method> <!-- wSpacesUname -->
        <test-method status="PASS" signature="closeDriver()[pri:0, instance:TestsSignUpPage.EmailVerification@61dc03ce]" name="closeDriver" is-config="true" duration-ms="251" started-at="2018-03-25T18:21:48Z" finished-at="2018-03-25T18:21:48Z">
          <reporter-output>
          </reporter-output>
        </test-method> <!-- closeDriver -->
      </class> <!-- TestsSignUpPage.EmailVerification -->
    </test> <!-- Sign up new user -->
  </suite> <!-- AutoContentVerification -->
</testng-results>
