<?xml version="1.0" encoding="UTF-8"?>
<testng-results skipped="0" failed="0" ignored="0" total="9" passed="9">
  <reporter-output>
  </reporter-output>
  <suite name="AutoContentVerification" duration-ms="12710" started-at="2018-03-20T19:21:43Z" finished-at="2018-03-20T19:21:56Z">
    <groups>
      <group name="ErrorMessages">
        <method signature="RequiredFields.birthDayEmpty()[pri:0, instance:TestsSignUpPage.RequiredFields@366e2eef]" name="birthDayEmpty" class="TestsSignUpPage.RequiredFields"/>
        <method signature="RequiredFields.birthMonthEmpty()[pri:0, instance:TestsSignUpPage.RequiredFields@366e2eef]" name="birthMonthEmpty" class="TestsSignUpPage.RequiredFields"/>
        <method signature="RequiredFields.birthYearEmpty()[pri:0, instance:TestsSignUpPage.RequiredFields@366e2eef]" name="birthYearEmpty" class="TestsSignUpPage.RequiredFields"/>
        <method signature="RequiredFields.eMailEmpty()[pri:0, instance:TestsSignUpPage.RequiredFields@366e2eef]" name="eMailEmpty" class="TestsSignUpPage.RequiredFields"/>
        <method signature="RequiredFields.firstNameEmpty()[pri:0, instance:TestsSignUpPage.RequiredFields@366e2eef]" name="firstNameEmpty" class="TestsSignUpPage.RequiredFields"/>
        <method signature="RequiredFields.genderEmpty()[pri:0, instance:TestsSignUpPage.RequiredFields@366e2eef]" name="genderEmpty" class="TestsSignUpPage.RequiredFields"/>
        <method signature="RequiredFields.lastNameEmpty()[pri:0, instance:TestsSignUpPage.RequiredFields@366e2eef]" name="lastNameEmpty" class="TestsSignUpPage.RequiredFields"/>
        <method signature="RequiredFields.passAgainEmpty()[pri:0, instance:TestsSignUpPage.RequiredFields@366e2eef]" name="passAgainEmpty" class="TestsSignUpPage.RequiredFields"/>
        <method signature="RequiredFields.passEmpty()[pri:0, instance:TestsSignUpPage.RequiredFields@366e2eef]" name="passEmpty" class="TestsSignUpPage.RequiredFields"/>
      </group> <!-- ErrorMessages -->
    </groups>
    <test name="Sign up new user" duration-ms="12710" started-at="2018-03-20T19:21:43Z" finished-at="2018-03-20T19:21:56Z">
      <class name="TestsSignUpPage.RequiredFields">
        <test-method status="PASS" signature="setup()[pri:0, instance:TestsSignUpPage.RequiredFields@366e2eef]" name="setup" is-config="true" duration-ms="16" started-at="2018-03-20T19:21:43Z" finished-at="2018-03-20T19:21:43Z">
          <reporter-output>
          </reporter-output>
        </test-method> <!-- setup -->
        <test-method status="PASS" signature="beforeClass()[pri:0, instance:TestsSignUpPage.RequiredFields@366e2eef]" name="beforeClass" is-config="true" duration-ms="5506" started-at="2018-03-20T19:21:43Z" finished-at="2018-03-20T19:21:49Z">
          <reporter-output>
          </reporter-output>
        </test-method> <!-- beforeClass -->
        <test-method status="PASS" signature="openDriver()[pri:0, instance:TestsSignUpPage.RequiredFields@366e2eef]" name="openDriver" is-config="true" duration-ms="5729" started-at="2018-03-20T19:21:49Z" finished-at="2018-03-20T19:21:54Z">
          <reporter-output>
          </reporter-output>
        </test-method> <!-- openDriver -->
        <test-method status="PASS" signature="birthDayEmpty()[pri:0, instance:TestsSignUpPage.RequiredFields@366e2eef]" name="birthDayEmpty" duration-ms="206" started-at="2018-03-20T19:21:54Z" finished-at="2018-03-20T19:21:54Z">
          <reporter-output>
          </reporter-output>
        </test-method> <!-- birthDayEmpty -->
        <test-method status="PASS" signature="birthMonthEmpty()[pri:0, instance:TestsSignUpPage.RequiredFields@366e2eef]" name="birthMonthEmpty" duration-ms="251" started-at="2018-03-20T19:21:54Z" finished-at="2018-03-20T19:21:55Z">
          <reporter-output>
          </reporter-output>
        </test-method> <!-- birthMonthEmpty -->
        <test-method status="PASS" signature="birthYearEmpty()[pri:0, instance:TestsSignUpPage.RequiredFields@366e2eef]" name="birthYearEmpty" duration-ms="120" started-at="2018-03-20T19:21:55Z" finished-at="2018-03-20T19:21:55Z">
          <reporter-output>
          </reporter-output>
        </test-method> <!-- birthYearEmpty -->
        <test-method status="PASS" signature="eMailEmpty()[pri:0, instance:TestsSignUpPage.RequiredFields@366e2eef]" name="eMailEmpty" duration-ms="140" started-at="2018-03-20T19:21:55Z" finished-at="2018-03-20T19:21:55Z">
          <reporter-output>
          </reporter-output>
        </test-method> <!-- eMailEmpty -->
        <test-method status="PASS" signature="firstNameEmpty()[pri:0, instance:TestsSignUpPage.RequiredFields@366e2eef]" name="firstNameEmpty" duration-ms="162" started-at="2018-03-20T19:21:55Z" finished-at="2018-03-20T19:21:55Z">
          <reporter-output>
          </reporter-output>
        </test-method> <!-- firstNameEmpty -->
        <test-method status="PASS" signature="genderEmpty()[pri:0, instance:TestsSignUpPage.RequiredFields@366e2eef]" name="genderEmpty" duration-ms="138" started-at="2018-03-20T19:21:55Z" finished-at="2018-03-20T19:21:55Z">
          <reporter-output>
          </reporter-output>
        </test-method> <!-- genderEmpty -->
        <test-method status="PASS" signature="lastNameEmpty()[pri:0, instance:TestsSignUpPage.RequiredFields@366e2eef]" name="lastNameEmpty" duration-ms="145" started-at="2018-03-20T19:21:55Z" finished-at="2018-03-20T19:21:55Z">
          <reporter-output>
          </reporter-output>
        </test-method> <!-- lastNameEmpty -->
        <test-method status="PASS" signature="passAgainEmpty()[pri:0, instance:TestsSignUpPage.RequiredFields@366e2eef]" name="passAgainEmpty" duration-ms="149" started-at="2018-03-20T19:21:55Z" finished-at="2018-03-20T19:21:56Z">
          <reporter-output>
          </reporter-output>
        </test-method> <!-- passAgainEmpty -->
        <test-method status="PASS" signature="passEmpty()[pri:0, instance:TestsSignUpPage.RequiredFields@366e2eef]" name="passEmpty" duration-ms="133" started-at="2018-03-20T19:21:56Z" finished-at="2018-03-20T19:21:56Z">
          <reporter-output>
          </reporter-output>
        </test-method> <!-- passEmpty -->
      </class> <!-- TestsSignUpPage.RequiredFields -->
    </test> <!-- Sign up new user -->
  </suite> <!-- AutoContentVerification -->
</testng-results>
