-------------------------------------------------------------------------------
Test set: TestSuite
-------------------------------------------------------------------------------
Tests run: 3, Failures: 1, Errors: 0, Skipped: 1, Time elapsed: 1.557 s <<< FAILURE! - in TestSuite
failTest(extentReports.ExtentReportsClassVersion3)  Time elapsed: 0.018 s  <<< FAILURE!
java.lang.AssertionError: expected [true] but found [false]
	at extentReports.ExtentReportsClassVersion3.failTest(ExtentReportsClassVersion3.java:56)

