<?xml version="1.0" encoding="UTF-8"?>
<testng-results skipped="0" failed="0" ignored="0" total="9" passed="9">
  <reporter-output>
  </reporter-output>
  <suite name="AutoContentVerification" duration-ms="9676" started-at="2018-03-21T16:17:02Z" finished-at="2018-03-21T16:17:12Z">
    <groups>
      <group name="ErrorMessages">
        <method signature="RequiredFields.birthDayEmpty()[pri:0, instance:TestsSignUpPage.RequiredFields@6df97b55]" name="birthDayEmpty" class="TestsSignUpPage.RequiredFields"/>
        <method signature="RequiredFields.birthMonthEmpty()[pri:0, instance:TestsSignUpPage.RequiredFields@6df97b55]" name="birthMonthEmpty" class="TestsSignUpPage.RequiredFields"/>
        <method signature="RequiredFields.birthYearEmpty()[pri:0, instance:TestsSignUpPage.RequiredFields@6df97b55]" name="birthYearEmpty" class="TestsSignUpPage.RequiredFields"/>
        <method signature="RequiredFields.eMailEmpty()[pri:0, instance:TestsSignUpPage.RequiredFields@6df97b55]" name="eMailEmpty" class="TestsSignUpPage.RequiredFields"/>
        <method signature="RequiredFields.firstNameEmpty()[pri:0, instance:TestsSignUpPage.RequiredFields@6df97b55]" name="firstNameEmpty" class="TestsSignUpPage.RequiredFields"/>
        <method signature="RequiredFields.genderEmpty()[pri:0, instance:TestsSignUpPage.RequiredFields@6df97b55]" name="genderEmpty" class="TestsSignUpPage.RequiredFields"/>
        <method signature="RequiredFields.lastNameEmpty()[pri:0, instance:TestsSignUpPage.RequiredFields@6df97b55]" name="lastNameEmpty" class="TestsSignUpPage.RequiredFields"/>
        <method signature="RequiredFields.passAgainEmpty()[pri:0, instance:TestsSignUpPage.RequiredFields@6df97b55]" name="passAgainEmpty" class="TestsSignUpPage.RequiredFields"/>
        <method signature="RequiredFields.passEmpty()[pri:0, instance:TestsSignUpPage.RequiredFields@6df97b55]" name="passEmpty" class="TestsSignUpPage.RequiredFields"/>
      </group> <!-- ErrorMessages -->
    </groups>
    <test name="Sign up new user" duration-ms="9676" started-at="2018-03-21T16:17:02Z" finished-at="2018-03-21T16:17:12Z">
      <class name="TestsSignUpPage.RequiredFields">
        <test-method status="PASS" signature="setup()[pri:0, instance:TestsSignUpPage.RequiredFields@6df97b55]" name="setup" is-config="true" duration-ms="17" started-at="2018-03-21T16:17:02Z" finished-at="2018-03-21T16:17:02Z">
          <reporter-output>
          </reporter-output>
        </test-method> <!-- setup -->
        <test-method status="PASS" signature="beforeClass()[pri:0, instance:TestsSignUpPage.RequiredFields@6df97b55]" name="beforeClass" is-config="true" duration-ms="3888" started-at="2018-03-21T16:17:02Z" finished-at="2018-03-21T16:17:06Z">
          <reporter-output>
          </reporter-output>
        </test-method> <!-- beforeClass -->
        <test-method status="PASS" signature="openDriver()[pri:0, instance:TestsSignUpPage.RequiredFields@6df97b55]" name="openDriver" is-config="true" duration-ms="3297" started-at="2018-03-21T16:17:06Z" finished-at="2018-03-21T16:17:10Z">
          <reporter-output>
          </reporter-output>
        </test-method> <!-- openDriver -->
        <test-method status="PASS" signature="birthDayEmpty()[pri:0, instance:TestsSignUpPage.RequiredFields@6df97b55]" name="birthDayEmpty" duration-ms="283" started-at="2018-03-21T16:17:10Z" finished-at="2018-03-21T16:17:10Z">
          <reporter-output>
          </reporter-output>
        </test-method> <!-- birthDayEmpty -->
        <test-method status="PASS" signature="birthMonthEmpty()[pri:0, instance:TestsSignUpPage.RequiredFields@6df97b55]" name="birthMonthEmpty" duration-ms="252" started-at="2018-03-21T16:17:10Z" finished-at="2018-03-21T16:17:10Z">
          <reporter-output>
          </reporter-output>
        </test-method> <!-- birthMonthEmpty -->
        <test-method status="PASS" signature="birthYearEmpty()[pri:0, instance:TestsSignUpPage.RequiredFields@6df97b55]" name="birthYearEmpty" duration-ms="174" started-at="2018-03-21T16:17:10Z" finished-at="2018-03-21T16:17:10Z">
          <reporter-output>
          </reporter-output>
        </test-method> <!-- birthYearEmpty -->
        <test-method status="PASS" signature="eMailEmpty()[pri:0, instance:TestsSignUpPage.RequiredFields@6df97b55]" name="eMailEmpty" duration-ms="285" started-at="2018-03-21T16:17:10Z" finished-at="2018-03-21T16:17:11Z">
          <reporter-output>
          </reporter-output>
        </test-method> <!-- eMailEmpty -->
        <test-method status="PASS" signature="firstNameEmpty()[pri:0, instance:TestsSignUpPage.RequiredFields@6df97b55]" name="firstNameEmpty" duration-ms="241" started-at="2018-03-21T16:17:11Z" finished-at="2018-03-21T16:17:11Z">
          <reporter-output>
          </reporter-output>
        </test-method> <!-- firstNameEmpty -->
        <test-method status="PASS" signature="genderEmpty()[pri:0, instance:TestsSignUpPage.RequiredFields@6df97b55]" name="genderEmpty" duration-ms="227" started-at="2018-03-21T16:17:11Z" finished-at="2018-03-21T16:17:11Z">
          <reporter-output>
          </reporter-output>
        </test-method> <!-- genderEmpty -->
        <test-method status="PASS" signature="lastNameEmpty()[pri:0, instance:TestsSignUpPage.RequiredFields@6df97b55]" name="lastNameEmpty" duration-ms="289" started-at="2018-03-21T16:17:11Z" finished-at="2018-03-21T16:17:11Z">
          <reporter-output>
          </reporter-output>
        </test-method> <!-- lastNameEmpty -->
        <test-method status="PASS" signature="passAgainEmpty()[pri:0, instance:TestsSignUpPage.RequiredFields@6df97b55]" name="passAgainEmpty" duration-ms="244" started-at="2018-03-21T16:17:11Z" finished-at="2018-03-21T16:17:12Z">
          <reporter-output>
          </reporter-output>
        </test-method> <!-- passAgainEmpty -->
        <test-method status="PASS" signature="passEmpty()[pri:0, instance:TestsSignUpPage.RequiredFields@6df97b55]" name="passEmpty" duration-ms="267" started-at="2018-03-21T16:17:12Z" finished-at="2018-03-21T16:17:12Z">
          <reporter-output>
          </reporter-output>
        </test-method> <!-- passEmpty -->
        <test-method status="PASS" signature="closeDriver()[pri:0, instance:TestsSignUpPage.RequiredFields@6df97b55]" name="closeDriver" is-config="true" duration-ms="193" started-at="2018-03-21T16:17:12Z" finished-at="2018-03-21T16:17:12Z">
          <reporter-output>
          </reporter-output>
        </test-method> <!-- closeDriver -->
      </class> <!-- TestsSignUpPage.RequiredFields -->
    </test> <!-- Sign up new user -->
  </suite> <!-- AutoContentVerification -->
</testng-results>
