<?xml version="1.0" encoding="UTF-8"?>
<testng-results skipped="0" failed="0" total="9" passed="9">
  <reporter-output>
  </reporter-output>
  <suite name="AutoContentVerification" duration-ms="13008" started-at="2018-03-23T04:23:00Z" finished-at="2018-03-23T04:23:13Z">
    <groups>
      <group name="ErrorMessages">
        <method signature="RequiredFields.birthDayEmpty()[pri:0, instance:TestsSignUpPage.RequiredFields@2cb4c3ab]" name="birthDayEmpty" class="TestsSignUpPage.RequiredFields"/>
        <method signature="RequiredFields.birthMonthEmpty()[pri:0, instance:TestsSignUpPage.RequiredFields@2cb4c3ab]" name="birthMonthEmpty" class="TestsSignUpPage.RequiredFields"/>
        <method signature="RequiredFields.birthYearEmpty()[pri:0, instance:TestsSignUpPage.RequiredFields@2cb4c3ab]" name="birthYearEmpty" class="TestsSignUpPage.RequiredFields"/>
        <method signature="RequiredFields.eMailEmpty()[pri:0, instance:TestsSignUpPage.RequiredFields@2cb4c3ab]" name="eMailEmpty" class="TestsSignUpPage.RequiredFields"/>
        <method signature="RequiredFields.firstNameEmpty()[pri:0, instance:TestsSignUpPage.RequiredFields@2cb4c3ab]" name="firstNameEmpty" class="TestsSignUpPage.RequiredFields"/>
        <method signature="RequiredFields.genderEmpty()[pri:0, instance:TestsSignUpPage.RequiredFields@2cb4c3ab]" name="genderEmpty" class="TestsSignUpPage.RequiredFields"/>
        <method signature="RequiredFields.lastNameEmpty()[pri:0, instance:TestsSignUpPage.RequiredFields@2cb4c3ab]" name="lastNameEmpty" class="TestsSignUpPage.RequiredFields"/>
        <method signature="RequiredFields.passAgainEmpty()[pri:0, instance:TestsSignUpPage.RequiredFields@2cb4c3ab]" name="passAgainEmpty" class="TestsSignUpPage.RequiredFields"/>
        <method signature="RequiredFields.passEmpty()[pri:0, instance:TestsSignUpPage.RequiredFields@2cb4c3ab]" name="passEmpty" class="TestsSignUpPage.RequiredFields"/>
      </group> <!-- ErrorMessages -->
    </groups>
    <test name="Sign up new user" duration-ms="13008" started-at="2018-03-23T04:23:00Z" finished-at="2018-03-23T04:23:13Z">
      <class name="TestsSignUpPage.RequiredFields">
        <test-method status="PASS" signature="setup()[pri:0, instance:TestsSignUpPage.RequiredFields@2cb4c3ab]" name="setup" is-config="true" duration-ms="11" started-at="2018-03-22T21:23:00Z" finished-at="2018-03-22T21:23:00Z">
          <reporter-output>
          </reporter-output>
        </test-method> <!-- setup -->
        <test-method status="PASS" signature="beforeClass()[pri:0, instance:TestsSignUpPage.RequiredFields@2cb4c3ab]" name="beforeClass" is-config="true" duration-ms="6748" started-at="2018-03-22T21:23:00Z" finished-at="2018-03-22T21:23:07Z">
          <reporter-output>
          </reporter-output>
        </test-method> <!-- beforeClass -->
        <test-method status="PASS" signature="openDriver()[pri:0, instance:TestsSignUpPage.RequiredFields@2cb4c3ab]" name="openDriver" is-config="true" duration-ms="3918" started-at="2018-03-22T21:23:07Z" finished-at="2018-03-22T21:23:11Z">
          <reporter-output>
          </reporter-output>
        </test-method> <!-- openDriver -->
        <test-method status="PASS" signature="birthDayEmpty()[pri:0, instance:TestsSignUpPage.RequiredFields@2cb4c3ab]" name="birthDayEmpty" duration-ms="218" started-at="2018-03-22T21:23:11Z" finished-at="2018-03-22T21:23:11Z">
          <reporter-output>
          </reporter-output>
        </test-method> <!-- birthDayEmpty -->
        <test-method status="PASS" signature="birthMonthEmpty()[pri:0, instance:TestsSignUpPage.RequiredFields@2cb4c3ab]" name="birthMonthEmpty" duration-ms="203" started-at="2018-03-22T21:23:11Z" finished-at="2018-03-22T21:23:11Z">
          <reporter-output>
          </reporter-output>
        </test-method> <!-- birthMonthEmpty -->
        <test-method status="PASS" signature="birthYearEmpty()[pri:0, instance:TestsSignUpPage.RequiredFields@2cb4c3ab]" name="birthYearEmpty" duration-ms="131" started-at="2018-03-22T21:23:11Z" finished-at="2018-03-22T21:23:11Z">
          <reporter-output>
          </reporter-output>
        </test-method> <!-- birthYearEmpty -->
        <test-method status="PASS" signature="eMailEmpty()[pri:0, instance:TestsSignUpPage.RequiredFields@2cb4c3ab]" name="eMailEmpty" duration-ms="147" started-at="2018-03-22T21:23:11Z" finished-at="2018-03-22T21:23:12Z">
          <reporter-output>
          </reporter-output>
        </test-method> <!-- eMailEmpty -->
        <test-method status="PASS" signature="firstNameEmpty()[pri:0, instance:TestsSignUpPage.RequiredFields@2cb4c3ab]" name="firstNameEmpty" duration-ms="228" started-at="2018-03-22T21:23:12Z" finished-at="2018-03-22T21:23:12Z">
          <reporter-output>
          </reporter-output>
        </test-method> <!-- firstNameEmpty -->
        <test-method status="PASS" signature="genderEmpty()[pri:0, instance:TestsSignUpPage.RequiredFields@2cb4c3ab]" name="genderEmpty" duration-ms="314" started-at="2018-03-22T21:23:12Z" finished-at="2018-03-22T21:23:12Z">
          <reporter-output>
          </reporter-output>
        </test-method> <!-- genderEmpty -->
        <test-method status="PASS" signature="lastNameEmpty()[pri:0, instance:TestsSignUpPage.RequiredFields@2cb4c3ab]" name="lastNameEmpty" duration-ms="240" started-at="2018-03-22T21:23:12Z" finished-at="2018-03-22T21:23:12Z">
          <reporter-output>
          </reporter-output>
        </test-method> <!-- lastNameEmpty -->
        <test-method status="PASS" signature="passAgainEmpty()[pri:0, instance:TestsSignUpPage.RequiredFields@2cb4c3ab]" name="passAgainEmpty" duration-ms="232" started-at="2018-03-22T21:23:12Z" finished-at="2018-03-22T21:23:13Z">
          <reporter-output>
          </reporter-output>
        </test-method> <!-- passAgainEmpty -->
        <test-method status="PASS" signature="passEmpty()[pri:0, instance:TestsSignUpPage.RequiredFields@2cb4c3ab]" name="passEmpty" duration-ms="177" started-at="2018-03-22T21:23:13Z" finished-at="2018-03-22T21:23:13Z">
          <reporter-output>
          </reporter-output>
        </test-method> <!-- passEmpty -->
        <test-method status="PASS" signature="closeDriver()[pri:0, instance:TestsSignUpPage.RequiredFields@2cb4c3ab]" name="closeDriver" is-config="true" duration-ms="401" started-at="2018-03-22T21:23:13Z" finished-at="2018-03-22T21:23:13Z">
          <reporter-output>
          </reporter-output>
        </test-method> <!-- closeDriver -->
      </class> <!-- TestsSignUpPage.RequiredFields -->
    </test> <!-- Sign up new user -->
  </suite> <!-- AutoContentVerification -->
</testng-results>
