<?xml version="1.0" encoding="UTF-8"?>
<testng-results skipped="0" failed="0" total="2" passed="2">
  <reporter-output>
  </reporter-output>
  <suite name="AutoContentVerification" duration-ms="10133" started-at="2018-03-25T17:11:09Z" finished-at="2018-03-25T17:11:19Z">
    <groups>
    </groups>
    <test name="Sign up new user" duration-ms="10133" started-at="2018-03-25T17:11:09Z" finished-at="2018-03-25T17:11:19Z">
      <class name="TestsSignUpPage.EmailVerification">
        <test-method status="PASS" signature="setup()[pri:0, instance:TestsSignUpPage.EmailVerification@61dc03ce]" name="setup" is-config="true" duration-ms="8220" started-at="2018-03-25T10:11:09Z" finished-at="2018-03-25T10:11:18Z">
          <reporter-output>
          </reporter-output>
        </test-method> <!-- setup -->
        <test-method status="PASS" signature="correctUname(java.lang.String, java.lang.String)[pri:0, instance:TestsSignUpPage.EmailVerification@61dc03ce]" name="correctUname" duration-ms="885" started-at="2018-03-25T10:11:18Z" finished-at="2018-03-25T10:11:19Z">
          <params>
            <param index="0">
              <value>
                <![CDATA[myemail]]>
              </value>
            </param>
            <param index="1">
              <value>
                <![CDATA[That username is taken. Try another.]]>
              </value>
            </param>
          </params>
          <reporter-output>
          </reporter-output>
        </test-method> <!-- correctUname -->
        <test-method status="PASS" signature="dotUname(java.lang.String, java.lang.String)[pri:0, instance:TestsSignUpPage.EmailVerification@61dc03ce]" name="dotUname" duration-ms="713" started-at="2018-03-25T10:11:19Z" finished-at="2018-03-25T10:11:19Z">
          <params>
            <param index="0">
              <value>
                <![CDATA[my.email]]>
              </value>
            </param>
            <param index="1">
              <value>
                <![CDATA[Someone already has that username. Note that we ignore periods and capitalization in usernames. Try another?]]>
              </value>
            </param>
          </params>
          <reporter-output>
          </reporter-output>
        </test-method> <!-- dotUname -->
        <test-method status="PASS" signature="closeDriver()[pri:0, instance:TestsSignUpPage.EmailVerification@61dc03ce]" name="closeDriver" is-config="true" duration-ms="243" started-at="2018-03-25T10:11:19Z" finished-at="2018-03-25T10:11:19Z">
          <reporter-output>
          </reporter-output>
        </test-method> <!-- closeDriver -->
      </class> <!-- TestsSignUpPage.EmailVerification -->
    </test> <!-- Sign up new user -->
  </suite> <!-- AutoContentVerification -->
</testng-results>
