-------------------------------------------------------------------------------
Test set: TestSuite
-------------------------------------------------------------------------------
Tests run: 12, Failures: 1, Errors: 0, Skipped: 1, Time elapsed: 12.516 s <<< FAILURE! - in TestSuite
failTest(extentReports.ExtentReportsClassVersion3)  Time elapsed: 0.016 s  <<< FAILURE!
java.lang.AssertionError: expected [true] but found [false]
	at extentReports.ExtentReportsClassVersion3.failTest(ExtentReportsClassVersion3.java:55)

