<?xml version="1.0" encoding="UTF-8"?>
<testsuite xmlns:xsi="http://www.w3.org/2001/XMLSchema-instance" xsi:noNamespaceSchemaLocation="https://maven.apache.org/surefire/maven-surefire-plugin/xsd/surefire-test-report.xsd" name="TestSuite" time="129.765" tests="14" errors="0" skipped="0" failures="11">
  <properties>
[...]
</properties>
  <testcase name="capitalUname" classname="TestsSignUpPage.EmailVerification" time="1.317"/>
  <testcase name="correctUname" classname="TestsSignUpPage.EmailVerification" time="1.301"/>
  <testcase name="dashUname" classname="TestsSignUpPage.EmailVerification" time="11.248">
    <failure message="Expected condition failed: waiting for visibility of [[FirefoxDriver: firefox on MAC (44f54afb-a756-904e-b268-8232245310d0)] -&gt; css selector: span#errormsg_0_GmailAddress.errormsg] (tried for 10 second(s) with 500 MILLISECONDS interval)&#10;Build info: version: &apos;3.10.0&apos;, revision: &apos;176b4a9&apos;, time: &apos;2018-03-02T19:03:16.397Z&apos;&#10;System info: host: &apos;Auznali.LobbyWAP&apos;, ip: &apos;fe80:0:0:0:2acf:e9ff:fe50:9c01%en0&apos;, os.name: &apos;Mac OS X&apos;, os.arch: &apos;x86_64&apos;, os.version: &apos;10.10.5&apos;, java.version: &apos;1.8.0_161&apos;&#10;Driver info: org.openqa.selenium.firefox.FirefoxDriver&#10;Capabilities {acceptInsecureCerts: true, browserName: firefox, browserVersion: 59.0, javascriptEnabled: true, moz:accessibilityChecks: false, moz:headless: false, moz:processID: 3395, moz:profile: /var/folders/k2/zqt4_dg1303..., moz:useNonSpecCompliantPointerOrigin: false, moz:webdriverClick: true, pageLoadStrategy: normal, platform: MAC, platformName: MAC, platformVersion: 14.5.0, rotatable: false, timeouts: {implicit: 0, pageLoad: 300000, script: 30000}}&#10;Session ID: 44f54afb-a756-904e-b268-8232245310d0" type="org.openqa.selenium.TimeoutException">org.openqa.selenium.TimeoutException: 
Expected condition failed: waiting for visibility of [[FirefoxDriver: firefox on MAC (44f54afb-a756-904e-b268-8232245310d0)] -> css selector: span#errormsg_0_GmailAddress.errormsg] (tried for 10 second(s) with 500 MILLISECONDS interval)
Build info: version: '3.10.0', revision: '176b4a9', time: '2018-03-02T19:03:16.397Z'
System info: host: 'Auznali.LobbyWAP', ip: 'fe80:0:0:0:2acf:e9ff:fe50:9c01%en0', os.name: 'Mac OS X', os.arch: 'x86_64', os.version: '10.10.5', java.version: '1.8.0_161'
Driver info: org.openqa.selenium.firefox.FirefoxDriver
Capabilities {acceptInsecureCerts: true, browserName: firefox, browserVersion: 59.0, javascriptEnabled: true, moz:accessibilityChecks: false, moz:headless: false, moz:processID: 3395, moz:profile: /var/folders/k2/zqt4_dg1303..., moz:useNonSpecCompliantPointerOrigin: false, moz:webdriverClick: true, pageLoadStrategy: normal, platform: MAC, platformName: MAC, platformVersion: 14.5.0, rotatable: false, timeouts: {implicit: 0, pageLoad: 300000, script: 30000}}
Session ID: 44f54afb-a756-904e-b268-8232245310d0
	at TestsSignUpPage.EmailVerification.dashUname(EmailVerification.java:115)
</failure>
  </testcase>
  <testcase name="digitsUname" classname="TestsSignUpPage.EmailVerification" time="11.127">
    <failure message="Expected condition failed: waiting for visibility of [[FirefoxDriver: firefox on MAC (44f54afb-a756-904e-b268-8232245310d0)] -&gt; css selector: span#errormsg_0_GmailAddress.errormsg] (tried for 10 second(s) with 500 MILLISECONDS interval)&#10;Build info: version: &apos;3.10.0&apos;, revision: &apos;176b4a9&apos;, time: &apos;2018-03-02T19:03:16.397Z&apos;&#10;System info: host: &apos;Auznali.LobbyWAP&apos;, ip: &apos;fe80:0:0:0:2acf:e9ff:fe50:9c01%en0&apos;, os.name: &apos;Mac OS X&apos;, os.arch: &apos;x86_64&apos;, os.version: &apos;10.10.5&apos;, java.version: &apos;1.8.0_161&apos;&#10;Driver info: org.openqa.selenium.firefox.FirefoxDriver&#10;Capabilities {acceptInsecureCerts: true, browserName: firefox, browserVersion: 59.0, javascriptEnabled: true, moz:accessibilityChecks: false, moz:headless: false, moz:processID: 3395, moz:profile: /var/folders/k2/zqt4_dg1303..., moz:useNonSpecCompliantPointerOrigin: false, moz:webdriverClick: true, pageLoadStrategy: normal, platform: MAC, platformName: MAC, platformVersion: 14.5.0, rotatable: false, timeouts: {implicit: 0, pageLoad: 300000, script: 30000}}&#10;Session ID: 44f54afb-a756-904e-b268-8232245310d0" type="org.openqa.selenium.TimeoutException">org.openqa.selenium.TimeoutException: 
Expected condition failed: waiting for visibility of [[FirefoxDriver: firefox on MAC (44f54afb-a756-904e-b268-8232245310d0)] -> css selector: span#errormsg_0_GmailAddress.errormsg] (tried for 10 second(s) with 500 MILLISECONDS interval)
Build info: version: '3.10.0', revision: '176b4a9', time: '2018-03-02T19:03:16.397Z'
System info: host: 'Auznali.LobbyWAP', ip: 'fe80:0:0:0:2acf:e9ff:fe50:9c01%en0', os.name: 'Mac OS X', os.arch: 'x86_64', os.version: '10.10.5', java.version: '1.8.0_161'
Driver info: org.openqa.selenium.firefox.FirefoxDriver
Capabilities {acceptInsecureCerts: true, browserName: firefox, browserVersion: 59.0, javascriptEnabled: true, moz:accessibilityChecks: false, moz:headless: false, moz:processID: 3395, moz:profile: /var/folders/k2/zqt4_dg1303..., moz:useNonSpecCompliantPointerOrigin: false, moz:webdriverClick: true, pageLoadStrategy: normal, platform: MAC, platformName: MAC, platformVersion: 14.5.0, rotatable: false, timeouts: {implicit: 0, pageLoad: 300000, script: 30000}}
Session ID: 44f54afb-a756-904e-b268-8232245310d0
	at TestsSignUpPage.EmailVerification.digitsUname(EmailVerification.java:95)
</failure>
    <system-err><![CDATA[JavaScript error: chrome://browser/content/browser-safebrowsing.js, line 16: TypeError: gBrowser is null
]]></system-err>
  </testcase>
  <testcase name="dotUname" classname="TestsSignUpPage.EmailVerification" time="10.761">
    <failure message="Expected condition failed: waiting for visibility of [[FirefoxDriver: firefox on MAC (44f54afb-a756-904e-b268-8232245310d0)] -&gt; css selector: span#errormsg_0_GmailAddress.errormsg] (tried for 10 second(s) with 500 MILLISECONDS interval)&#10;Build info: version: &apos;3.10.0&apos;, revision: &apos;176b4a9&apos;, time: &apos;2018-03-02T19:03:16.397Z&apos;&#10;System info: host: &apos;Auznali.LobbyWAP&apos;, ip: &apos;fe80:0:0:0:2acf:e9ff:fe50:9c01%en0&apos;, os.name: &apos;Mac OS X&apos;, os.arch: &apos;x86_64&apos;, os.version: &apos;10.10.5&apos;, java.version: &apos;1.8.0_161&apos;&#10;Driver info: org.openqa.selenium.firefox.FirefoxDriver&#10;Capabilities {acceptInsecureCerts: true, browserName: firefox, browserVersion: 59.0, javascriptEnabled: true, moz:accessibilityChecks: false, moz:headless: false, moz:processID: 3395, moz:profile: /var/folders/k2/zqt4_dg1303..., moz:useNonSpecCompliantPointerOrigin: false, moz:webdriverClick: true, pageLoadStrategy: normal, platform: MAC, platformName: MAC, platformVersion: 14.5.0, rotatable: false, timeouts: {implicit: 0, pageLoad: 300000, script: 30000}}&#10;Session ID: 44f54afb-a756-904e-b268-8232245310d0" type="org.openqa.selenium.TimeoutException">org.openqa.selenium.TimeoutException: 
Expected condition failed: waiting for visibility of [[FirefoxDriver: firefox on MAC (44f54afb-a756-904e-b268-8232245310d0)] -> css selector: span#errormsg_0_GmailAddress.errormsg] (tried for 10 second(s) with 500 MILLISECONDS interval)
Build info: version: '3.10.0', revision: '176b4a9', time: '2018-03-02T19:03:16.397Z'
System info: host: 'Auznali.LobbyWAP', ip: 'fe80:0:0:0:2acf:e9ff:fe50:9c01%en0', os.name: 'Mac OS X', os.arch: 'x86_64', os.version: '10.10.5', java.version: '1.8.0_161'
Driver info: org.openqa.selenium.firefox.FirefoxDriver
Capabilities {acceptInsecureCerts: true, browserName: firefox, browserVersion: 59.0, javascriptEnabled: true, moz:accessibilityChecks: false, moz:headless: false, moz:processID: 3395, moz:profile: /var/folders/k2/zqt4_dg1303..., moz:useNonSpecCompliantPointerOrigin: false, moz:webdriverClick: true, pageLoadStrategy: normal, platform: MAC, platformName: MAC, platformVersion: 14.5.0, rotatable: false, timeouts: {implicit: 0, pageLoad: 300000, script: 30000}}
Session ID: 44f54afb-a756-904e-b268-8232245310d0
	at TestsSignUpPage.EmailVerification.dotUname(EmailVerification.java:83)
</failure>
  </testcase>
  <testcase name="dotsUname" classname="TestsSignUpPage.EmailVerification" time="10.873">
    <failure message="Expected condition failed: waiting for visibility of [[FirefoxDriver: firefox on MAC (44f54afb-a756-904e-b268-8232245310d0)] -&gt; css selector: span#errormsg_0_GmailAddress.errormsg] (tried for 10 second(s) with 500 MILLISECONDS interval)&#10;Build info: version: &apos;3.10.0&apos;, revision: &apos;176b4a9&apos;, time: &apos;2018-03-02T19:03:16.397Z&apos;&#10;System info: host: &apos;Auznali.LobbyWAP&apos;, ip: &apos;fe80:0:0:0:2acf:e9ff:fe50:9c01%en0&apos;, os.name: &apos;Mac OS X&apos;, os.arch: &apos;x86_64&apos;, os.version: &apos;10.10.5&apos;, java.version: &apos;1.8.0_161&apos;&#10;Driver info: org.openqa.selenium.firefox.FirefoxDriver&#10;Capabilities {acceptInsecureCerts: true, browserName: firefox, browserVersion: 59.0, javascriptEnabled: true, moz:accessibilityChecks: false, moz:headless: false, moz:processID: 3395, moz:profile: /var/folders/k2/zqt4_dg1303..., moz:useNonSpecCompliantPointerOrigin: false, moz:webdriverClick: true, pageLoadStrategy: normal, platform: MAC, platformName: MAC, platformVersion: 14.5.0, rotatable: false, timeouts: {implicit: 0, pageLoad: 300000, script: 30000}}&#10;Session ID: 44f54afb-a756-904e-b268-8232245310d0" type="org.openqa.selenium.TimeoutException">org.openqa.selenium.TimeoutException: 
Expected condition failed: waiting for visibility of [[FirefoxDriver: firefox on MAC (44f54afb-a756-904e-b268-8232245310d0)] -> css selector: span#errormsg_0_GmailAddress.errormsg] (tried for 10 second(s) with 500 MILLISECONDS interval)
Build info: version: '3.10.0', revision: '176b4a9', time: '2018-03-02T19:03:16.397Z'
System info: host: 'Auznali.LobbyWAP', ip: 'fe80:0:0:0:2acf:e9ff:fe50:9c01%en0', os.name: 'Mac OS X', os.arch: 'x86_64', os.version: '10.10.5', java.version: '1.8.0_161'
Driver info: org.openqa.selenium.firefox.FirefoxDriver
Capabilities {acceptInsecureCerts: true, browserName: firefox, browserVersion: 59.0, javascriptEnabled: true, moz:accessibilityChecks: false, moz:headless: false, moz:processID: 3395, moz:profile: /var/folders/k2/zqt4_dg1303..., moz:useNonSpecCompliantPointerOrigin: false, moz:webdriverClick: true, pageLoadStrategy: normal, platform: MAC, platformName: MAC, platformVersion: 14.5.0, rotatable: false, timeouts: {implicit: 0, pageLoad: 300000, script: 30000}}
Session ID: 44f54afb-a756-904e-b268-8232245310d0
	at TestsSignUpPage.EmailVerification.dotsUname(EmailVerification.java:145)
</failure>
  </testcase>
  <testcase name="firstDotUname" classname="TestsSignUpPage.EmailVerification" time="1.211"/>
  <testcase name="lastDotUname" classname="TestsSignUpPage.EmailVerification" time="10.962">
    <failure message="Expected condition failed: waiting for visibility of [[FirefoxDriver: firefox on MAC (44f54afb-a756-904e-b268-8232245310d0)] -&gt; css selector: span#errormsg_0_GmailAddress.errormsg] (tried for 10 second(s) with 500 MILLISECONDS interval)&#10;Build info: version: &apos;3.10.0&apos;, revision: &apos;176b4a9&apos;, time: &apos;2018-03-02T19:03:16.397Z&apos;&#10;System info: host: &apos;Auznali.LobbyWAP&apos;, ip: &apos;fe80:0:0:0:2acf:e9ff:fe50:9c01%en0&apos;, os.name: &apos;Mac OS X&apos;, os.arch: &apos;x86_64&apos;, os.version: &apos;10.10.5&apos;, java.version: &apos;1.8.0_161&apos;&#10;Driver info: org.openqa.selenium.firefox.FirefoxDriver&#10;Capabilities {acceptInsecureCerts: true, browserName: firefox, browserVersion: 59.0, javascriptEnabled: true, moz:accessibilityChecks: false, moz:headless: false, moz:processID: 3395, moz:profile: /var/folders/k2/zqt4_dg1303..., moz:useNonSpecCompliantPointerOrigin: false, moz:webdriverClick: true, pageLoadStrategy: normal, platform: MAC, platformName: MAC, platformVersion: 14.5.0, rotatable: false, timeouts: {implicit: 0, pageLoad: 300000, script: 30000}}&#10;Session ID: 44f54afb-a756-904e-b268-8232245310d0" type="org.openqa.selenium.TimeoutException">org.openqa.selenium.TimeoutException: 
Expected condition failed: waiting for visibility of [[FirefoxDriver: firefox on MAC (44f54afb-a756-904e-b268-8232245310d0)] -> css selector: span#errormsg_0_GmailAddress.errormsg] (tried for 10 second(s) with 500 MILLISECONDS interval)
Build info: version: '3.10.0', revision: '176b4a9', time: '2018-03-02T19:03:16.397Z'
System info: host: 'Auznali.LobbyWAP', ip: 'fe80:0:0:0:2acf:e9ff:fe50:9c01%en0', os.name: 'Mac OS X', os.arch: 'x86_64', os.version: '10.10.5', java.version: '1.8.0_161'
Driver info: org.openqa.selenium.firefox.FirefoxDriver
Capabilities {acceptInsecureCerts: true, browserName: firefox, browserVersion: 59.0, javascriptEnabled: true, moz:accessibilityChecks: false, moz:headless: false, moz:processID: 3395, moz:profile: /var/folders/k2/zqt4_dg1303..., moz:useNonSpecCompliantPointerOrigin: false, moz:webdriverClick: true, pageLoadStrategy: normal, platform: MAC, platformName: MAC, platformVersion: 14.5.0, rotatable: false, timeouts: {implicit: 0, pageLoad: 300000, script: 30000}}
Session ID: 44f54afb-a756-904e-b268-8232245310d0
	at TestsSignUpPage.EmailVerification.lastDotUname(EmailVerification.java:139)
</failure>
  </testcase>
  <testcase name="plusUname" classname="TestsSignUpPage.EmailVerification" time="11.201">
    <failure message="Expected condition failed: waiting for visibility of [[FirefoxDriver: firefox on MAC (44f54afb-a756-904e-b268-8232245310d0)] -&gt; css selector: span#errormsg_0_GmailAddress.errormsg] (tried for 10 second(s) with 500 MILLISECONDS interval)&#10;Build info: version: &apos;3.10.0&apos;, revision: &apos;176b4a9&apos;, time: &apos;2018-03-02T19:03:16.397Z&apos;&#10;System info: host: &apos;Auznali.LobbyWAP&apos;, ip: &apos;fe80:0:0:0:2acf:e9ff:fe50:9c01%en0&apos;, os.name: &apos;Mac OS X&apos;, os.arch: &apos;x86_64&apos;, os.version: &apos;10.10.5&apos;, java.version: &apos;1.8.0_161&apos;&#10;Driver info: org.openqa.selenium.firefox.FirefoxDriver&#10;Capabilities {acceptInsecureCerts: true, browserName: firefox, browserVersion: 59.0, javascriptEnabled: true, moz:accessibilityChecks: false, moz:headless: false, moz:processID: 3395, moz:profile: /var/folders/k2/zqt4_dg1303..., moz:useNonSpecCompliantPointerOrigin: false, moz:webdriverClick: true, pageLoadStrategy: normal, platform: MAC, platformName: MAC, platformVersion: 14.5.0, rotatable: false, timeouts: {implicit: 0, pageLoad: 300000, script: 30000}}&#10;Session ID: 44f54afb-a756-904e-b268-8232245310d0" type="org.openqa.selenium.TimeoutException">org.openqa.selenium.TimeoutException: 
Expected condition failed: waiting for visibility of [[FirefoxDriver: firefox on MAC (44f54afb-a756-904e-b268-8232245310d0)] -> css selector: span#errormsg_0_GmailAddress.errormsg] (tried for 10 second(s) with 500 MILLISECONDS interval)
Build info: version: '3.10.0', revision: '176b4a9', time: '2018-03-02T19:03:16.397Z'
System info: host: 'Auznali.LobbyWAP', ip: 'fe80:0:0:0:2acf:e9ff:fe50:9c01%en0', os.name: 'Mac OS X', os.arch: 'x86_64', os.version: '10.10.5', java.version: '1.8.0_161'
Driver info: org.openqa.selenium.firefox.FirefoxDriver
Capabilities {acceptInsecureCerts: true, browserName: firefox, browserVersion: 59.0, javascriptEnabled: true, moz:accessibilityChecks: false, moz:headless: false, moz:processID: 3395, moz:profile: /var/folders/k2/zqt4_dg1303..., moz:useNonSpecCompliantPointerOrigin: false, moz:webdriverClick: true, pageLoadStrategy: normal, platform: MAC, platformName: MAC, platformVersion: 14.5.0, rotatable: false, timeouts: {implicit: 0, pageLoad: 300000, script: 30000}}
Session ID: 44f54afb-a756-904e-b268-8232245310d0
	at TestsSignUpPage.EmailVerification.plusUname(EmailVerification.java:109)
</failure>
  </testcase>
  <testcase name="specCharsUname" classname="TestsSignUpPage.EmailVerification" time="5.124">
    <failure type="java.lang.AssertionError">java.lang.AssertionError
	at TestsSignUpPage.EmailVerification.specCharsUname(EmailVerification.java:127)
</failure>
    <system-out><![CDATA[= = = = = = = Testing value: /!@#$%^*()/ = = = = = = = = = = = =  
EXPECTED: Please use only letters (a-z), numbers, and periods.
ACTUAL:   
= = = = = = = = = = = = = = = = = = =  = = = = = = = = = = = =  = = = = = 
]]></system-out>
  </testcase>
  <testcase name="twoWordsUname" classname="TestsSignUpPage.EmailVerification" time="10.975">
    <failure message="Expected condition failed: waiting for visibility of [[FirefoxDriver: firefox on MAC (44f54afb-a756-904e-b268-8232245310d0)] -&gt; css selector: span#errormsg_0_GmailAddress.errormsg] (tried for 10 second(s) with 500 MILLISECONDS interval)&#10;Build info: version: &apos;3.10.0&apos;, revision: &apos;176b4a9&apos;, time: &apos;2018-03-02T19:03:16.397Z&apos;&#10;System info: host: &apos;Auznali.LobbyWAP&apos;, ip: &apos;fe80:0:0:0:2acf:e9ff:fe50:9c01%en0&apos;, os.name: &apos;Mac OS X&apos;, os.arch: &apos;x86_64&apos;, os.version: &apos;10.10.5&apos;, java.version: &apos;1.8.0_161&apos;&#10;Driver info: org.openqa.selenium.firefox.FirefoxDriver&#10;Capabilities {acceptInsecureCerts: true, browserName: firefox, browserVersion: 59.0, javascriptEnabled: true, moz:accessibilityChecks: false, moz:headless: false, moz:processID: 3395, moz:profile: /var/folders/k2/zqt4_dg1303..., moz:useNonSpecCompliantPointerOrigin: false, moz:webdriverClick: true, pageLoadStrategy: normal, platform: MAC, platformName: MAC, platformVersion: 14.5.0, rotatable: false, timeouts: {implicit: 0, pageLoad: 300000, script: 30000}}&#10;Session ID: 44f54afb-a756-904e-b268-8232245310d0" type="org.openqa.selenium.TimeoutException">org.openqa.selenium.TimeoutException: 
Expected condition failed: waiting for visibility of [[FirefoxDriver: firefox on MAC (44f54afb-a756-904e-b268-8232245310d0)] -> css selector: span#errormsg_0_GmailAddress.errormsg] (tried for 10 second(s) with 500 MILLISECONDS interval)
Build info: version: '3.10.0', revision: '176b4a9', time: '2018-03-02T19:03:16.397Z'
System info: host: 'Auznali.LobbyWAP', ip: 'fe80:0:0:0:2acf:e9ff:fe50:9c01%en0', os.name: 'Mac OS X', os.arch: 'x86_64', os.version: '10.10.5', java.version: '1.8.0_161'
Driver info: org.openqa.selenium.firefox.FirefoxDriver
Capabilities {acceptInsecureCerts: true, browserName: firefox, browserVersion: 59.0, javascriptEnabled: true, moz:accessibilityChecks: false, moz:headless: false, moz:processID: 3395, moz:profile: /var/folders/k2/zqt4_dg1303..., moz:useNonSpecCompliantPointerOrigin: false, moz:webdriverClick: true, pageLoadStrategy: normal, platform: MAC, platformName: MAC, platformVersion: 14.5.0, rotatable: false, timeouts: {implicit: 0, pageLoad: 300000, script: 30000}}
Session ID: 44f54afb-a756-904e-b268-8232245310d0
	at TestsSignUpPage.EmailVerification.twoWordsUname(EmailVerification.java:157)
</failure>
    <system-err><![CDATA[JavaScript error: chrome://browser/content/browser-safebrowsing.js, line 16: TypeError: gBrowser is null
]]></system-err>
  </testcase>
  <testcase name="underscoreUname" classname="TestsSignUpPage.EmailVerification" time="11.365">
    <failure message="Expected condition failed: waiting for visibility of [[FirefoxDriver: firefox on MAC (44f54afb-a756-904e-b268-8232245310d0)] -&gt; css selector: span#errormsg_0_GmailAddress.errormsg] (tried for 10 second(s) with 500 MILLISECONDS interval)&#10;Build info: version: &apos;3.10.0&apos;, revision: &apos;176b4a9&apos;, time: &apos;2018-03-02T19:03:16.397Z&apos;&#10;System info: host: &apos;Auznali.LobbyWAP&apos;, ip: &apos;fe80:0:0:0:2acf:e9ff:fe50:9c01%en0&apos;, os.name: &apos;Mac OS X&apos;, os.arch: &apos;x86_64&apos;, os.version: &apos;10.10.5&apos;, java.version: &apos;1.8.0_161&apos;&#10;Driver info: org.openqa.selenium.firefox.FirefoxDriver&#10;Capabilities {acceptInsecureCerts: true, browserName: firefox, browserVersion: 59.0, javascriptEnabled: true, moz:accessibilityChecks: false, moz:headless: false, moz:processID: 3395, moz:profile: /var/folders/k2/zqt4_dg1303..., moz:useNonSpecCompliantPointerOrigin: false, moz:webdriverClick: true, pageLoadStrategy: normal, platform: MAC, platformName: MAC, platformVersion: 14.5.0, rotatable: false, timeouts: {implicit: 0, pageLoad: 300000, script: 30000}}&#10;Session ID: 44f54afb-a756-904e-b268-8232245310d0" type="org.openqa.selenium.TimeoutException">org.openqa.selenium.TimeoutException: 
Expected condition failed: waiting for visibility of [[FirefoxDriver: firefox on MAC (44f54afb-a756-904e-b268-8232245310d0)] -> css selector: span#errormsg_0_GmailAddress.errormsg] (tried for 10 second(s) with 500 MILLISECONDS interval)
Build info: version: '3.10.0', revision: '176b4a9', time: '2018-03-02T19:03:16.397Z'
System info: host: 'Auznali.LobbyWAP', ip: 'fe80:0:0:0:2acf:e9ff:fe50:9c01%en0', os.name: 'Mac OS X', os.arch: 'x86_64', os.version: '10.10.5', java.version: '1.8.0_161'
Driver info: org.openqa.selenium.firefox.FirefoxDriver
Capabilities {acceptInsecureCerts: true, browserName: firefox, browserVersion: 59.0, javascriptEnabled: true, moz:accessibilityChecks: false, moz:headless: false, moz:processID: 3395, moz:profile: /var/folders/k2/zqt4_dg1303..., moz:useNonSpecCompliantPointerOrigin: false, moz:webdriverClick: true, pageLoadStrategy: normal, platform: MAC, platformName: MAC, platformVersion: 14.5.0, rotatable: false, timeouts: {implicit: 0, pageLoad: 300000, script: 30000}}
Session ID: 44f54afb-a756-904e-b268-8232245310d0
	at TestsSignUpPage.EmailVerification.underscoreUname(EmailVerification.java:121)
</failure>
  </testcase>
  <testcase name="unicodeUname" classname="TestsSignUpPage.EmailVerification" time="11.32">
    <failure message="Expected condition failed: waiting for visibility of [[FirefoxDriver: firefox on MAC (44f54afb-a756-904e-b268-8232245310d0)] -&gt; css selector: span#errormsg_0_GmailAddress.errormsg] (tried for 10 second(s) with 500 MILLISECONDS interval)&#10;Build info: version: &apos;3.10.0&apos;, revision: &apos;176b4a9&apos;, time: &apos;2018-03-02T19:03:16.397Z&apos;&#10;System info: host: &apos;Auznali.LobbyWAP&apos;, ip: &apos;fe80:0:0:0:2acf:e9ff:fe50:9c01%en0&apos;, os.name: &apos;Mac OS X&apos;, os.arch: &apos;x86_64&apos;, os.version: &apos;10.10.5&apos;, java.version: &apos;1.8.0_161&apos;&#10;Driver info: org.openqa.selenium.firefox.FirefoxDriver&#10;Capabilities {acceptInsecureCerts: true, browserName: firefox, browserVersion: 59.0, javascriptEnabled: true, moz:accessibilityChecks: false, moz:headless: false, moz:processID: 3395, moz:profile: /var/folders/k2/zqt4_dg1303..., moz:useNonSpecCompliantPointerOrigin: false, moz:webdriverClick: true, pageLoadStrategy: normal, platform: MAC, platformName: MAC, platformVersion: 14.5.0, rotatable: false, timeouts: {implicit: 0, pageLoad: 300000, script: 30000}}&#10;Session ID: 44f54afb-a756-904e-b268-8232245310d0" type="org.openqa.selenium.TimeoutException">org.openqa.selenium.TimeoutException: 
Expected condition failed: waiting for visibility of [[FirefoxDriver: firefox on MAC (44f54afb-a756-904e-b268-8232245310d0)] -> css selector: span#errormsg_0_GmailAddress.errormsg] (tried for 10 second(s) with 500 MILLISECONDS interval)
Build info: version: '3.10.0', revision: '176b4a9', time: '2018-03-02T19:03:16.397Z'
System info: host: 'Auznali.LobbyWAP', ip: 'fe80:0:0:0:2acf:e9ff:fe50:9c01%en0', os.name: 'Mac OS X', os.arch: 'x86_64', os.version: '10.10.5', java.version: '1.8.0_161'
Driver info: org.openqa.selenium.firefox.FirefoxDriver
Capabilities {acceptInsecureCerts: true, browserName: firefox, browserVersion: 59.0, javascriptEnabled: true, moz:accessibilityChecks: false, moz:headless: false, moz:processID: 3395, moz:profile: /var/folders/k2/zqt4_dg1303..., moz:useNonSpecCompliantPointerOrigin: false, moz:webdriverClick: true, pageLoadStrategy: normal, platform: MAC, platformName: MAC, platformVersion: 14.5.0, rotatable: false, timeouts: {implicit: 0, pageLoad: 300000, script: 30000}}
Session ID: 44f54afb-a756-904e-b268-8232245310d0
	at TestsSignUpPage.EmailVerification.unicodeUname(EmailVerification.java:151)
</failure>
  </testcase>
  <testcase name="wSpacesUname" classname="TestsSignUpPage.EmailVerification" time="11.433">
    <failure message="Expected condition failed: waiting for visibility of [[FirefoxDriver: firefox on MAC (44f54afb-a756-904e-b268-8232245310d0)] -&gt; css selector: span#errormsg_0_GmailAddress.errormsg] (tried for 10 second(s) with 500 MILLISECONDS interval)&#10;Build info: version: &apos;3.10.0&apos;, revision: &apos;176b4a9&apos;, time: &apos;2018-03-02T19:03:16.397Z&apos;&#10;System info: host: &apos;Auznali.LobbyWAP&apos;, ip: &apos;fe80:0:0:0:2acf:e9ff:fe50:9c01%en0&apos;, os.name: &apos;Mac OS X&apos;, os.arch: &apos;x86_64&apos;, os.version: &apos;10.10.5&apos;, java.version: &apos;1.8.0_161&apos;&#10;Driver info: org.openqa.selenium.firefox.FirefoxDriver&#10;Capabilities {acceptInsecureCerts: true, browserName: firefox, browserVersion: 59.0, javascriptEnabled: true, moz:accessibilityChecks: false, moz:headless: false, moz:processID: 3395, moz:profile: /var/folders/k2/zqt4_dg1303..., moz:useNonSpecCompliantPointerOrigin: false, moz:webdriverClick: true, pageLoadStrategy: normal, platform: MAC, platformName: MAC, platformVersion: 14.5.0, rotatable: false, timeouts: {implicit: 0, pageLoad: 300000, script: 30000}}&#10;Session ID: 44f54afb-a756-904e-b268-8232245310d0" type="org.openqa.selenium.TimeoutException">org.openqa.selenium.TimeoutException: 
Expected condition failed: waiting for visibility of [[FirefoxDriver: firefox on MAC (44f54afb-a756-904e-b268-8232245310d0)] -> css selector: span#errormsg_0_GmailAddress.errormsg] (tried for 10 second(s) with 500 MILLISECONDS interval)
Build info: version: '3.10.0', revision: '176b4a9', time: '2018-03-02T19:03:16.397Z'
System info: host: 'Auznali.LobbyWAP', ip: 'fe80:0:0:0:2acf:e9ff:fe50:9c01%en0', os.name: 'Mac OS X', os.arch: 'x86_64', os.version: '10.10.5', java.version: '1.8.0_161'
Driver info: org.openqa.selenium.firefox.FirefoxDriver
Capabilities {acceptInsecureCerts: true, browserName: firefox, browserVersion: 59.0, javascriptEnabled: true, moz:accessibilityChecks: false, moz:headless: false, moz:processID: 3395, moz:profile: /var/folders/k2/zqt4_dg1303..., moz:useNonSpecCompliantPointerOrigin: false, moz:webdriverClick: true, pageLoadStrategy: normal, platform: MAC, platformName: MAC, platformVersion: 14.5.0, rotatable: false, timeouts: {implicit: 0, pageLoad: 300000, script: 30000}}
Session ID: 44f54afb-a756-904e-b268-8232245310d0
	at TestsSignUpPage.EmailVerification.wSpacesUname(EmailVerification.java:101)
</failure>
  </testcase>
</testsuite>