<?xml version="1.0" encoding="UTF-8"?>
<testsuite xmlns:xsi="http://www.w3.org/2001/XMLSchema-instance" xsi:noNamespaceSchemaLocation="https://maven.apache.org/surefire/maven-surefire-plugin/xsd/surefire-test-report.xsd" name="TestSuite" time="10.623" tests="2" errors="0" skipped="0" failures="0">
  <properties>
[...]
</properties>
  <testcase name="correctUname" classname="TestsSignUpPage.EmailVerification" time="0.883"/>
  <testcase name="dotUname" classname="TestsSignUpPage.EmailVerification" time="0.713"/>
</testsuite>